2021-03-09 00:16:18,071 p=14 u=root n=ansible | PLAY [Create and run restic client] ********************************************
2021-03-09 00:16:18,100 p=14 u=root n=ansible | TASK [backup_restic_client : install restic] ***********************************
2021-03-09 00:16:20,753 p=14 u=root n=ansible |  [ERROR]: User interrupted execution

2021-03-09 00:16:33,242 p=27 u=root n=ansible | PLAY [Create and run restic client] ********************************************
2021-03-09 00:16:33,265 p=27 u=root n=ansible | TASK [backup_restic_client : install restic] ***********************************
2021-03-09 00:16:35,625 p=27 u=root n=ansible |  [ERROR]: User interrupted execution

2021-03-09 00:16:58,054 p=44 u=root n=ansible | PLAY [Create and run restic client] ********************************************
2021-03-09 00:16:58,077 p=44 u=root n=ansible | TASK [backup_restic_client : install restic] ***********************************
2021-03-09 00:17:06,157 p=44 u=root n=ansible | ok: [jayjah]
2021-03-09 00:17:27,738 p=44 u=root n=ansible | ok: [orthofit]
2021-03-09 00:17:27,754 p=44 u=root n=ansible | TASK [backup_restic_client : update restic] ************************************
2021-03-09 00:17:29,350 p=44 u=root n=ansible | changed: [orthofit]
2021-03-09 00:17:29,376 p=44 u=root n=ansible | changed: [jayjah]
2021-03-09 00:17:29,392 p=44 u=root n=ansible | TASK [backup_restic_client : create backup directory] **************************
2021-03-09 00:17:30,739 p=44 u=root n=ansible | changed: [jayjah]
2021-03-09 00:17:30,777 p=44 u=root n=ansible | changed: [orthofit]
2021-03-09 00:17:30,794 p=44 u=root n=ansible | TASK [backup_restic_client : copy backup application to remote host] ***********
2021-03-09 00:17:34,592 p=44 u=root n=ansible | changed: [orthofit]
2021-03-09 00:17:36,049 p=44 u=root n=ansible | changed: [jayjah]
2021-03-09 00:17:36,065 p=44 u=root n=ansible | TASK [backup_restic_client : install restic client config to remote host] ******
2021-03-09 00:17:38,598 p=44 u=root n=ansible | changed: [jayjah]
2021-03-09 00:17:38,651 p=44 u=root n=ansible | changed: [orthofit]
2021-03-09 00:17:38,667 p=44 u=root n=ansible | TASK [backup_restic_client : run backup application preparation script] ********
2021-03-09 00:17:39,954 p=44 u=root n=ansible | changed: [jayjah]
2021-03-09 00:17:40,137 p=44 u=root n=ansible | changed: [orthofit]
2021-03-09 00:17:40,154 p=44 u=root n=ansible | TASK [backup_restic_client : ensure restic file has correct permissions (hive.hive)] ***
2021-03-09 00:17:41,351 p=44 u=root n=ansible | changed: [orthofit]
2021-03-09 00:17:41,442 p=44 u=root n=ansible | changed: [jayjah]
2021-03-09 00:17:41,459 p=44 u=root n=ansible | TASK [backup_restic_client : ensure restic file has correct permissions (hive.lock)] ***
2021-03-09 00:17:42,610 p=44 u=root n=ansible | changed: [orthofit]
2021-03-09 00:17:42,683 p=44 u=root n=ansible | changed: [jayjah]
2021-03-09 00:17:42,699 p=44 u=root n=ansible | TASK [backup_restic_client : remove restic client config] **********************
2021-03-09 00:17:43,902 p=44 u=root n=ansible | changed: [jayjah]
2021-03-09 00:17:43,926 p=44 u=root n=ansible | changed: [orthofit]
2021-03-09 00:17:43,941 p=44 u=root n=ansible | TASK [backup_restic_client : init restic] **************************************
2021-03-09 00:17:45,197 p=44 u=root n=ansible | fatal: [jayjah]: FAILED! => {"changed": true, "cmd": "restic init -r rest:http://jayjah:test@10.0.0.4:8001/jayjah", "delta": "0:00:00.023070", "end": "2021-03-09 01:18:44.073872", "msg": "non-zero return code", "rc": 1, "start": "2021-03-09 01:18:44.050802", "stderr": "Fatal: create repository at rest:http://jayjah:***@10.0.0.4:8001/jayjah/ failed: Fatal: config file already exists", "stderr_lines": ["Fatal: create repository at rest:http://jayjah:***@10.0.0.4:8001/jayjah/ failed: Fatal: config file already exists"], "stdout": "", "stdout_lines": []}
2021-03-09 00:17:45,198 p=44 u=root n=ansible | ...ignoring
2021-03-09 00:17:45,240 p=44 u=root n=ansible | fatal: [orthofit]: FAILED! => {"changed": true, "cmd": "restic init -r rest:http://orthofit:test@10.0.0.4:8001/orthofit", "delta": "0:00:00.017738", "end": "2021-03-09 01:18:44.108008", "msg": "non-zero return code", "rc": 1, "start": "2021-03-09 01:18:44.090270", "stderr": "Fatal: create repository at rest:http://orthofit:***@10.0.0.4:8001/orthofit/ failed: Fatal: config file already exists", "stderr_lines": ["Fatal: create repository at rest:http://orthofit:***@10.0.0.4:8001/orthofit/ failed: Fatal: config file already exists"], "stdout": "", "stdout_lines": []}
2021-03-09 00:17:45,242 p=44 u=root n=ansible | ...ignoring
2021-03-09 00:17:45,257 p=44 u=root n=ansible | TASK [backup_restic_client : make backup] **************************************
2021-03-09 00:17:46,771 p=44 u=root n=ansible | changed: [jayjah]
2021-03-09 00:17:46,773 p=44 u=root n=ansible | changed: [orthofit]
2021-03-09 00:17:46,776 p=44 u=root n=ansible | PLAY RECAP *********************************************************************
2021-03-09 00:17:46,777 p=44 u=root n=ansible | jayjah                     : ok=11   changed=10   unreachable=0    failed=0    skipped=0    rescued=0    ignored=1   
2021-03-09 00:17:46,778 p=44 u=root n=ansible | orthofit                   : ok=11   changed=10   unreachable=0    failed=0    skipped=0    rescued=0    ignored=1   
2021-03-09 00:31:40,065 p=18 u=root n=ansible | PLAY [Create and run restic client] ********************************************
2021-03-09 00:31:40,094 p=18 u=root n=ansible | TASK [backup_restic_client : install restic] ***********************************
2021-03-09 00:31:50,030 p=18 u=root n=ansible | ok: [orthofit]
2021-03-09 00:32:27,382 p=18 u=root n=ansible | ok: [jayjah]
2021-03-09 00:32:27,398 p=18 u=root n=ansible | TASK [backup_restic_client : update restic] ************************************
2021-03-09 00:32:28,962 p=18 u=root n=ansible | changed: [jayjah]
2021-03-09 00:32:29,133 p=18 u=root n=ansible | changed: [orthofit]
2021-03-09 00:32:29,149 p=18 u=root n=ansible | TASK [backup_restic_client : create backup directory] **************************
2021-03-09 00:32:30,485 p=18 u=root n=ansible | ok: [jayjah]
2021-03-09 00:32:30,772 p=18 u=root n=ansible | ok: [orthofit]
2021-03-09 00:32:30,789 p=18 u=root n=ansible | TASK [backup_restic_client : copy backup application to remote host] ***********
2021-03-09 00:32:37,152 p=18 u=root n=ansible | changed: [jayjah]
2021-03-09 00:32:37,257 p=18 u=root n=ansible | changed: [orthofit]
2021-03-09 00:32:37,275 p=18 u=root n=ansible | TASK [backup_restic_client : install restic client config to remote host] ******
2021-03-09 00:32:39,805 p=18 u=root n=ansible | changed: [orthofit]
2021-03-09 00:32:39,835 p=18 u=root n=ansible | changed: [jayjah]
2021-03-09 00:32:39,851 p=18 u=root n=ansible | TASK [backup_restic_client : run backup application preparation script] ********
2021-03-09 00:32:41,097 p=18 u=root n=ansible | changed: [jayjah]
2021-03-09 00:32:41,154 p=18 u=root n=ansible | changed: [orthofit]
2021-03-09 00:32:41,171 p=18 u=root n=ansible | TASK [backup_restic_client : ensure restic file has correct permissions (hive.hive)] ***
2021-03-09 00:32:42,376 p=18 u=root n=ansible | ok: [orthofit]
2021-03-09 00:32:42,415 p=18 u=root n=ansible | ok: [jayjah]
2021-03-09 00:32:42,429 p=18 u=root n=ansible | TASK [backup_restic_client : ensure restic file has correct permissions (hive.lock)] ***
2021-03-09 00:32:43,652 p=18 u=root n=ansible | ok: [jayjah]
2021-03-09 00:32:43,679 p=18 u=root n=ansible | ok: [orthofit]
2021-03-09 00:32:43,695 p=18 u=root n=ansible | TASK [backup_restic_client : remove restic client config] **********************
2021-03-09 00:32:44,920 p=18 u=root n=ansible | changed: [jayjah]
2021-03-09 00:32:44,956 p=18 u=root n=ansible | changed: [orthofit]
2021-03-09 00:32:44,971 p=18 u=root n=ansible | TASK [backup_restic_client : init restic] **************************************
2021-03-09 00:32:46,214 p=18 u=root n=ansible | fatal: [orthofit]: FAILED! => {"changed": true, "cmd": "restic init -r rest:http://orthofit:test@10.0.0.4:8001/orthofit", "delta": "0:00:00.025637", "end": "2021-03-09 01:33:45.055103", "msg": "non-zero return code", "rc": 1, "start": "2021-03-09 01:33:45.029466", "stderr": "Fatal: create repository at rest:http://orthofit:***@10.0.0.4:8001/orthofit/ failed: Fatal: config file already exists", "stderr_lines": ["Fatal: create repository at rest:http://orthofit:***@10.0.0.4:8001/orthofit/ failed: Fatal: config file already exists"], "stdout": "", "stdout_lines": []}
2021-03-09 00:32:46,215 p=18 u=root n=ansible | ...ignoring
2021-03-09 00:32:46,223 p=18 u=root n=ansible | fatal: [jayjah]: FAILED! => {"changed": true, "cmd": "restic init -r rest:http://jayjah:test@10.0.0.4:8001/jayjah", "delta": "0:00:00.028178", "end": "2021-03-09 01:33:45.100266", "msg": "non-zero return code", "rc": 1, "start": "2021-03-09 01:33:45.072088", "stderr": "Fatal: create repository at rest:http://jayjah:***@10.0.0.4:8001/jayjah/ failed: Fatal: config file already exists", "stderr_lines": ["Fatal: create repository at rest:http://jayjah:***@10.0.0.4:8001/jayjah/ failed: Fatal: config file already exists"], "stdout": "", "stdout_lines": []}
2021-03-09 00:32:46,224 p=18 u=root n=ansible | ...ignoring
2021-03-09 00:32:46,238 p=18 u=root n=ansible | TASK [backup_restic_client : make backup] **************************************
2021-03-09 00:32:47,495 p=18 u=root n=ansible | changed: [orthofit]
2021-03-09 00:32:47,499 p=18 u=root n=ansible | changed: [jayjah]
2021-03-09 00:32:47,503 p=18 u=root n=ansible | PLAY RECAP *********************************************************************
2021-03-09 00:32:47,504 p=18 u=root n=ansible | jayjah                     : ok=11   changed=7    unreachable=0    failed=0    skipped=0    rescued=0    ignored=1   
2021-03-09 00:32:47,505 p=18 u=root n=ansible | orthofit                   : ok=11   changed=7    unreachable=0    failed=0    skipped=0    rescued=0    ignored=1   
2021-03-09 00:46:16,274 p=260 u=root n=ansible | PLAY [Create and run restic client] ********************************************
2021-03-09 00:46:16,303 p=260 u=root n=ansible | TASK [backup_restic_client : install restic] ***********************************
2021-03-09 00:46:23,531 p=260 u=root n=ansible | ok: [orthofit]
2021-03-09 00:48:49,103 p=260 u=root n=ansible | fatal: [jayjah]: UNREACHABLE! => {"changed": false, "msg": "Failed to connect to the host via ssh: Connection closed by 157.90.175.33 port 22", "unreachable": true}
2021-03-09 00:48:49,119 p=260 u=root n=ansible | TASK [backup_restic_client : update restic] ************************************
2021-03-09 00:48:51,539 p=260 u=root n=ansible |  [ERROR]: User interrupted execution

2021-03-09 00:48:54,469 p=284 u=root n=ansible | PLAY [Create and run restic client] ********************************************
2021-03-09 00:48:54,493 p=284 u=root n=ansible | TASK [backup_restic_client : install restic] ***********************************
2021-03-09 00:49:05,220 p=284 u=root n=ansible | ok: [jayjah]
2021-03-09 00:51:53,438 p=284 u=root n=ansible | fatal: [orthofit]: UNREACHABLE! => {"changed": false, "msg": "Failed to connect to the host via ssh: Connection closed by 78.47.30.175 port 22", "unreachable": true}
2021-03-09 00:51:53,454 p=284 u=root n=ansible | TASK [backup_restic_client : update restic] ************************************
2021-03-09 00:51:59,688 p=284 u=root n=ansible | changed: [jayjah]
2021-03-09 00:51:59,706 p=284 u=root n=ansible | TASK [backup_restic_client : create backup directory] **************************
2021-03-09 00:52:01,046 p=284 u=root n=ansible | changed: [jayjah]
2021-03-09 00:52:01,062 p=284 u=root n=ansible | TASK [backup_restic_client : copy backup application to remote host] ***********
2021-03-09 00:52:04,966 p=284 u=root n=ansible | changed: [jayjah]
2021-03-09 00:52:04,983 p=284 u=root n=ansible | TASK [backup_restic_client : install restic client config to remote host] ******
2021-03-09 00:52:07,744 p=284 u=root n=ansible | changed: [jayjah]
2021-03-09 00:52:07,760 p=284 u=root n=ansible | TASK [backup_restic_client : remove old hive data (hive.hive)] *****************
2021-03-09 00:52:09,094 p=284 u=root n=ansible | ok: [jayjah]
2021-03-09 00:52:09,110 p=284 u=root n=ansible | TASK [backup_restic_client : remove old hive data (hive.lock)] *****************
2021-03-09 00:52:10,302 p=284 u=root n=ansible | ok: [jayjah]
2021-03-09 00:52:10,317 p=284 u=root n=ansible | TASK [backup_restic_client : run backup application preparation script] ********
2021-03-09 00:52:11,490 p=284 u=root n=ansible | changed: [jayjah]
2021-03-09 00:52:11,505 p=284 u=root n=ansible | TASK [backup_restic_client : ensure restic file has correct permissions (hive.hive)] ***
2021-03-09 00:52:12,711 p=284 u=root n=ansible | changed: [jayjah]
2021-03-09 00:52:12,727 p=284 u=root n=ansible | TASK [backup_restic_client : ensure restic file has correct permissions (hive.lock)] ***
2021-03-09 00:52:13,966 p=284 u=root n=ansible | changed: [jayjah]
2021-03-09 00:52:13,982 p=284 u=root n=ansible | TASK [backup_restic_client : remove restic client config] **********************
2021-03-09 00:52:15,138 p=284 u=root n=ansible | changed: [jayjah]
2021-03-09 00:52:15,155 p=284 u=root n=ansible | TASK [backup_restic_client : init restic] **************************************
2021-03-09 00:52:16,358 p=284 u=root n=ansible | fatal: [jayjah]: FAILED! => {"changed": true, "cmd": "restic init -r rest:http://jayjah:test@10.0.0.4:8001/jayjah", "delta": "0:00:00.031282", "end": "2021-03-09 01:53:15.208435", "msg": "non-zero return code", "rc": 1, "start": "2021-03-09 01:53:15.177153", "stderr": "Fatal: create repository at rest:http://jayjah:***@10.0.0.4:8001/jayjah/ failed: Fatal: config file already exists", "stderr_lines": ["Fatal: create repository at rest:http://jayjah:***@10.0.0.4:8001/jayjah/ failed: Fatal: config file already exists"], "stdout": "", "stdout_lines": []}
2021-03-09 00:52:16,359 p=284 u=root n=ansible | ...ignoring
2021-03-09 00:52:16,374 p=284 u=root n=ansible | TASK [backup_restic_client : make backup] **************************************
2021-03-09 00:52:17,549 p=284 u=root n=ansible | changed: [jayjah]
2021-03-09 00:52:17,552 p=284 u=root n=ansible | PLAY RECAP *********************************************************************
2021-03-09 00:52:17,553 p=284 u=root n=ansible | jayjah                     : ok=13   changed=10   unreachable=0    failed=0    skipped=0    rescued=0    ignored=1   
2021-03-09 00:52:17,554 p=284 u=root n=ansible | orthofit                   : ok=0    changed=0    unreachable=1    failed=0    skipped=0    rescued=0    ignored=0   
2021-03-09 01:02:58,881 p=17 u=root n=ansible | PLAY [Create and run restic client] ********************************************
2021-03-09 01:02:58,908 p=17 u=root n=ansible | TASK [backup_restic_client : install restic] ***********************************
2021-03-09 01:03:05,094 p=17 u=root n=ansible | ok: [jayjah]
2021-03-09 01:03:05,221 p=17 u=root n=ansible | ok: [orthofit]
2021-03-09 01:03:05,237 p=17 u=root n=ansible | TASK [backup_restic_client : update restic] ************************************
2021-03-09 01:03:06,718 p=17 u=root n=ansible | changed: [orthofit]
2021-03-09 01:03:06,723 p=17 u=root n=ansible | changed: [jayjah]
2021-03-09 01:03:06,737 p=17 u=root n=ansible | TASK [backup_restic_client : create backup directory] **************************
2021-03-09 01:03:08,096 p=17 u=root n=ansible | changed: [orthofit]
2021-03-09 01:03:08,112 p=17 u=root n=ansible | changed: [jayjah]
2021-03-09 01:03:08,129 p=17 u=root n=ansible | TASK [backup_restic_client : copy backup application to remote host] ***********
2021-03-09 01:03:12,411 p=17 u=root n=ansible | changed: [jayjah]
2021-03-09 01:03:12,525 p=17 u=root n=ansible | changed: [orthofit]
2021-03-09 01:03:12,542 p=17 u=root n=ansible | TASK [backup_restic_client : install restic client config to remote host] ******
2021-03-09 01:03:15,003 p=17 u=root n=ansible | changed: [jayjah]
2021-03-09 01:03:15,252 p=17 u=root n=ansible | changed: [orthofit]
2021-03-09 01:03:15,268 p=17 u=root n=ansible | TASK [backup_restic_client : remove old hive data (hive.hive)] *****************
2021-03-09 01:03:16,453 p=17 u=root n=ansible | ok: [orthofit]
2021-03-09 01:03:16,627 p=17 u=root n=ansible | ok: [jayjah]
2021-03-09 01:03:16,643 p=17 u=root n=ansible | TASK [backup_restic_client : remove old hive data (hive.lock)] *****************
2021-03-09 01:03:17,848 p=17 u=root n=ansible | ok: [jayjah]
2021-03-09 01:03:17,867 p=17 u=root n=ansible | ok: [orthofit]
2021-03-09 01:03:17,881 p=17 u=root n=ansible | TASK [backup_restic_client : run backup application preparation script] ********
2021-03-09 01:03:19,116 p=17 u=root n=ansible | changed: [orthofit]
2021-03-09 01:03:19,146 p=17 u=root n=ansible | changed: [jayjah]
2021-03-09 01:03:19,160 p=17 u=root n=ansible | TASK [backup_restic_client : ensure restic file has correct permissions (hive.hive)] ***
2021-03-09 01:03:20,328 p=17 u=root n=ansible | changed: [orthofit]
2021-03-09 01:03:20,337 p=17 u=root n=ansible | changed: [jayjah]
2021-03-09 01:03:20,350 p=17 u=root n=ansible | TASK [backup_restic_client : ensure restic file has correct permissions (hive.lock)] ***
2021-03-09 01:03:21,538 p=17 u=root n=ansible | changed: [jayjah]
2021-03-09 01:03:21,800 p=17 u=root n=ansible | changed: [orthofit]
2021-03-09 01:03:21,816 p=17 u=root n=ansible | TASK [backup_restic_client : remove restic client config] **********************
2021-03-09 01:03:23,024 p=17 u=root n=ansible | changed: [orthofit]
2021-03-09 01:03:23,062 p=17 u=root n=ansible | changed: [jayjah]
2021-03-09 01:03:23,078 p=17 u=root n=ansible | TASK [backup_restic_client : init restic] **************************************
2021-03-09 01:03:24,684 p=17 u=root n=ansible | fatal: [orthofit]: FAILED! => {"changed": true, "cmd": "restic init -r rest:http://orthofit:test@10.0.0.4:8001/orthofit", "delta": "0:00:00.027384", "end": "2021-03-09 02:04:23.583242", "msg": "non-zero return code", "rc": 1, "start": "2021-03-09 02:04:23.555858", "stderr": "Fatal: create repository at rest:http://orthofit:***@10.0.0.4:8001/orthofit/ failed: Fatal: config file already exists", "stderr_lines": ["Fatal: create repository at rest:http://orthofit:***@10.0.0.4:8001/orthofit/ failed: Fatal: config file already exists"], "stdout": "", "stdout_lines": []}
2021-03-09 01:03:24,685 p=17 u=root n=ansible | ...ignoring
2021-03-09 01:03:24,912 p=17 u=root n=ansible | fatal: [jayjah]: FAILED! => {"changed": true, "cmd": "restic init -r rest:http://jayjah:test@10.0.0.4:8001/jayjah", "delta": "0:00:00.028036", "end": "2021-03-09 02:04:23.777472", "msg": "non-zero return code", "rc": 1, "start": "2021-03-09 02:04:23.749436", "stderr": "Fatal: create repository at rest:http://jayjah:***@10.0.0.4:8001/jayjah/ failed: Fatal: config file already exists", "stderr_lines": ["Fatal: create repository at rest:http://jayjah:***@10.0.0.4:8001/jayjah/ failed: Fatal: config file already exists"], "stdout": "", "stdout_lines": []}
2021-03-09 01:03:24,915 p=17 u=root n=ansible | ...ignoring
2021-03-09 01:03:24,930 p=17 u=root n=ansible | TASK [backup_restic_client : make backup] **************************************
2021-03-09 01:03:26,893 p=17 u=root n=ansible | fatal: [jayjah]: FAILED! => {"changed": true, "cmd": "./backup_runtime.sh make --name jayjah", "delta": "0:00:00.738123", "end": "2021-03-09 02:04:25.765113", "msg": "non-zero return code", "rc": 1, "start": "2021-03-09 02:04:25.026990", "stderr": "Password: ", "stderr_lines": ["Password: "], "stdout": "Is docker container ( backenddb ) running? true ...\n\npostgres exec command\npostgres copy command\nIs docker container ( server ) running? false ...\n\n\u001b[31;1m :: MakeBackup ::  jayjah ERROR: \n CONTAINER server NOT RUNNING!\u001b[0m", "stdout_lines": ["Is docker container ( backenddb ) running? true ...", "", "postgres exec command", "postgres copy command", "Is docker container ( server ) running? false ...", "", "\u001b[31;1m :: MakeBackup ::  jayjah ERROR: ", " CONTAINER server NOT RUNNING!\u001b[0m"]}
2021-03-09 01:03:27,131 p=17 u=root n=ansible | fatal: [orthofit]: FAILED! => {"changed": true, "cmd": "./backup_runtime.sh make --name orthofit", "delta": "0:00:00.784768", "end": "2021-03-09 02:04:26.023147", "msg": "non-zero return code", "rc": 1, "start": "2021-03-09 02:04:25.238379", "stderr": "Password: ", "stderr_lines": ["Password: "], "stdout": "Is docker container ( backenddb ) running? true ...\n\npostgres exec command\npostgres copy command\nIs docker container ( server ) running? false ...\n\n\u001b[31;1m :: MakeBackup ::  orthofit ERROR: \n CONTAINER server NOT RUNNING!\u001b[0m", "stdout_lines": ["Is docker container ( backenddb ) running? true ...", "", "postgres exec command", "postgres copy command", "Is docker container ( server ) running? false ...", "", "\u001b[31;1m :: MakeBackup ::  orthofit ERROR: ", " CONTAINER server NOT RUNNING!\u001b[0m"]}
2021-03-09 01:03:27,134 p=17 u=root n=ansible | PLAY RECAP *********************************************************************
2021-03-09 01:03:27,135 p=17 u=root n=ansible | jayjah                     : ok=12   changed=9    unreachable=0    failed=1    skipped=0    rescued=0    ignored=1   
2021-03-09 01:03:27,136 p=17 u=root n=ansible | orthofit                   : ok=12   changed=9    unreachable=0    failed=1    skipped=0    rescued=0    ignored=1   
2021-03-10 23:56:16,231 p=14 u=root n=ansible | PLAY [Deploy server] ***********************************************************
2021-03-10 23:56:16,272 p=14 u=root n=ansible | TASK [Gathering Facts] *********************************************************
2021-03-10 23:56:20,818 p=14 u=root n=ansible |  [ERROR]: User interrupted execution

2021-03-10 23:57:24,664 p=26 u=root n=ansible | PLAY [Deploy server] ***********************************************************
2021-03-10 23:57:24,688 p=26 u=root n=ansible | TASK [Gathering Facts] *********************************************************
2021-03-10 23:57:27,314 p=26 u=root n=ansible |  [ERROR]: User interrupted execution

2021-03-10 23:57:42,222 p=45 u=root n=ansible | PLAY [Deploy server] ***********************************************************
2021-03-10 23:57:42,245 p=45 u=root n=ansible | TASK [Gathering Facts] *********************************************************
2021-03-10 23:57:46,848 p=45 u=root n=ansible | ok: [orthofit]
2021-03-10 23:58:04,552 p=45 u=root n=ansible | ok: [metricsandbackups]
2021-03-10 23:58:12,350 p=45 u=root n=ansible | ok: [jayjah]
2021-03-10 23:58:12,370 p=45 u=root n=ansible | TASK [deploy_server : Create server directory] *********************************
2021-03-10 23:58:13,724 p=45 u=root n=ansible | changed: [jayjah]
2021-03-10 23:58:13,728 p=45 u=root n=ansible | changed: [orthofit]
2021-03-10 23:58:13,849 p=45 u=root n=ansible | changed: [metricsandbackups]
2021-03-10 23:58:13,870 p=45 u=root n=ansible | TASK [deploy_server : Copy server application to remote host] ******************
2021-03-11 00:01:00,076 p=45 u=root n=ansible |  [ERROR]: User interrupted execution

2021-03-11 00:18:37,183 p=22 u=root n=ansible | ERROR! Syntax Error while loading YAML.
  did not find expected key

The error appears to be in '/root/home/roles/deploy_server/tasks/main.yml': line 19, column 56, but may
be elsewhere in the file depending on the exact syntax problem.

The offending line appears to be:

- name: Uncompress server archive
  shell: "tar xvzf /home/{{ username }}/server.tar.gz" // rm -rf /home/{{ username }}/dart_server.gz
                                                       ^ here
We could be wrong, but this one looks like it might be an issue with
missing quotes. Always quote template expression brackets when they
start a value. For instance:

    with_items:
      - {{ foo }}

Should be written as:

    with_items:
      - "{{ foo }}"

2021-03-11 00:19:01,583 p=26 u=root n=ansible | PLAY [Deploy server] ***********************************************************
2021-03-11 00:19:01,621 p=26 u=root n=ansible | TASK [Gathering Facts] *********************************************************
2021-03-11 00:19:07,299 p=26 u=root n=ansible | ok: [orthofit]
2021-03-11 00:20:24,093 p=26 u=root n=ansible | ok: [jayjah]
2021-03-11 00:21:00,110 p=26 u=root n=ansible | ok: [metricsandbackups]
2021-03-11 00:21:00,130 p=26 u=root n=ansible | TASK [deploy_server : Create server directory] *********************************
2021-03-11 00:21:01,960 p=26 u=root n=ansible | ok: [metricsandbackups]
2021-03-11 00:21:02,146 p=26 u=root n=ansible | ok: [jayjah]
2021-03-11 00:22:09,322 p=26 u=root n=ansible | ok: [orthofit]
2021-03-11 00:22:09,342 p=26 u=root n=ansible | TASK [deploy_server : Copy compressed server archive to remote host] ***********
2021-03-11 00:23:35,375 p=26 u=root n=ansible | changed: [orthofit]
2021-03-11 00:23:56,717 p=26 u=root n=ansible | changed: [jayjah]
2021-03-11 00:29:49,193 p=26 u=root n=ansible | fatal: [metricsandbackups]: UNREACHABLE! => {"changed": false, "msg": "Failed to connect to the host via ssh: Connection closed by 159.69.29.117 port 22", "unreachable": true}
2021-03-11 00:29:49,214 p=26 u=root n=ansible | TASK [deploy_server : Uncompress server archive] *******************************
2021-03-11 00:29:55,291 p=26 u=root n=ansible | [WARNING]: Consider using the unarchive module rather than running 'tar'.  If
you need to use command because unarchive is insufficient you can add 'warn:
false' to this command task or set 'command_warnings=False' in ansible.cfg to
get rid of this message.

2021-03-11 00:29:55,293 p=26 u=root n=ansible | changed: [orthofit]
2021-03-11 00:32:58,955 p=26 u=root n=ansible | fatal: [jayjah]: UNREACHABLE! => {"changed": false, "msg": "Failed to connect to the host via ssh: Connection closed by 157.90.175.33 port 22", "unreachable": true}
2021-03-11 00:32:58,973 p=26 u=root n=ansible | TASK [deploy_server : Remove compressed archive] *******************************
2021-03-11 00:33:03,042 p=26 u=root n=ansible | [WARNING]: Consider using the file module with state=absent rather than running
'rm'.  If you need to use command because file is insufficient you can add
'warn: false' to this command task or set 'command_warnings=False' in
ansible.cfg to get rid of this message.

2021-03-11 00:33:03,044 p=26 u=root n=ansible | changed: [orthofit]
2021-03-11 00:33:03,064 p=26 u=root n=ansible | TASK [deploy_server : Create server config yaml file] **************************
2021-03-11 00:33:05,719 p=26 u=root n=ansible | changed: [orthofit]
2021-03-11 00:33:05,740 p=26 u=root n=ansible | TASK [deploy_server : Build server docker container (jayjah/server-dart)] ******
2021-03-11 00:33:07,470 p=26 u=root n=ansible | fatal: [orthofit]: FAILED! => {"changed": true, "cmd": "cd /home/jayjah/dart_server && dart bin/cli.dart docker build --vm", "delta": "0:00:00.435536", "end": "2021-03-11 01:34:07.863784", "msg": "non-zero return code", "rc": 254, "start": "2021-03-11 01:34:07.428248", "stderr": "Error when reading 'bin/cli.dart': No such file or directory.", "stderr_lines": ["Error when reading 'bin/cli.dart': No such file or directory."], "stdout": "", "stdout_lines": []}
2021-03-11 00:33:07,473 p=26 u=root n=ansible | PLAY RECAP *********************************************************************
2021-03-11 00:33:07,474 p=26 u=root n=ansible | jayjah                     : ok=3    changed=1    unreachable=1    failed=0    skipped=0    rescued=0    ignored=0   
2021-03-11 00:33:07,475 p=26 u=root n=ansible | metricsandbackups          : ok=2    changed=0    unreachable=1    failed=0    skipped=0    rescued=0    ignored=0   
2021-03-11 00:33:07,475 p=26 u=root n=ansible | orthofit                   : ok=6    changed=4    unreachable=0    failed=1    skipped=0    rescued=0    ignored=0   
2021-03-11 00:35:53,089 p=194 u=root n=ansible | PLAY [Deploy server] ***********************************************************
2021-03-11 00:35:53,113 p=194 u=root n=ansible | TASK [Gathering Facts] *********************************************************
2021-03-11 00:35:54,964 p=194 u=root n=ansible |  [ERROR]: User interrupted execution

2021-03-11 00:36:11,053 p=209 u=root n=ansible | PLAY [Deploy server] ***********************************************************
2021-03-11 00:36:11,075 p=209 u=root n=ansible | TASK [Gathering Facts] *********************************************************
2021-03-11 00:36:15,896 p=209 u=root n=ansible | ok: [jayjah]
2021-03-11 00:36:26,283 p=209 u=root n=ansible | ok: [orthofit]
2021-03-11 00:37:12,197 p=209 u=root n=ansible | ok: [metricsandbackups]
2021-03-11 00:37:12,216 p=209 u=root n=ansible | TASK [deploy_server : Create server directory] *********************************
2021-03-11 00:37:13,582 p=209 u=root n=ansible | ok: [jayjah]
2021-03-11 00:37:13,605 p=209 u=root n=ansible | ok: [metricsandbackups]
2021-03-11 00:37:13,768 p=209 u=root n=ansible | ok: [orthofit]
2021-03-11 00:37:13,790 p=209 u=root n=ansible | TASK [deploy_server : Copy server archive to remote host and decompress it afterwards] ***
2021-03-11 00:37:13,842 p=209 u=root n=ansible | fatal: [orthofit]: FAILED! => {"changed": false, "msg": "async is not supported for this task."}
2021-03-11 00:37:13,861 p=209 u=root n=ansible | fatal: [jayjah]: FAILED! => {"changed": false, "msg": "async is not supported for this task."}
2021-03-11 00:37:13,881 p=209 u=root n=ansible | fatal: [metricsandbackups]: FAILED! => {"changed": false, "msg": "async is not supported for this task."}
2021-03-11 00:37:13,883 p=209 u=root n=ansible | PLAY RECAP *********************************************************************
2021-03-11 00:37:13,884 p=209 u=root n=ansible | jayjah                     : ok=2    changed=0    unreachable=0    failed=1    skipped=0    rescued=0    ignored=0   
2021-03-11 00:37:13,885 p=209 u=root n=ansible | metricsandbackups          : ok=2    changed=0    unreachable=0    failed=1    skipped=0    rescued=0    ignored=0   
2021-03-11 00:37:13,886 p=209 u=root n=ansible | orthofit                   : ok=2    changed=0    unreachable=0    failed=1    skipped=0    rescued=0    ignored=0   
2021-03-11 00:38:21,066 p=290 u=root n=ansible | PLAY [Deploy server] ***********************************************************
2021-03-11 00:38:21,087 p=290 u=root n=ansible | TASK [Gathering Facts] *********************************************************
2021-03-11 00:38:27,618 p=290 u=root n=ansible | ok: [jayjah]
2021-03-11 00:38:31,681 p=290 u=root n=ansible |  [ERROR]: User interrupted execution

2021-03-11 00:39:13,261 p=317 u=root n=ansible | PLAY [Deploy server] ***********************************************************
2021-03-11 00:39:13,284 p=317 u=root n=ansible | TASK [Gathering Facts] *********************************************************
2021-03-11 00:39:15,950 p=317 u=root n=ansible | ok: [jayjah]
2021-03-11 00:39:16,545 p=317 u=root n=ansible | ok: [metricsandbackups]
2021-03-11 00:39:16,623 p=317 u=root n=ansible | ok: [orthofit]
2021-03-11 00:39:16,645 p=317 u=root n=ansible | TASK [deploy_server : Copy server archive to remote host and decompress it afterwards] ***
2021-03-11 00:39:19,331 p=317 u=root n=ansible | fatal: [jayjah]: FAILED! => {"changed": false, "msg": "Source '/server.tar.gz' does not exist"}
2021-03-11 00:39:19,333 p=317 u=root n=ansible | fatal: [orthofit]: FAILED! => {"changed": false, "msg": "Source '/server.tar.gz' does not exist"}
2021-03-11 00:39:19,336 p=317 u=root n=ansible | fatal: [metricsandbackups]: FAILED! => {"changed": false, "msg": "Source '/server.tar.gz' does not exist"}
2021-03-11 00:39:19,339 p=317 u=root n=ansible | PLAY RECAP *********************************************************************
2021-03-11 00:39:19,339 p=317 u=root n=ansible | jayjah                     : ok=1    changed=0    unreachable=0    failed=1    skipped=0    rescued=0    ignored=0   
2021-03-11 00:39:19,340 p=317 u=root n=ansible | metricsandbackups          : ok=1    changed=0    unreachable=0    failed=1    skipped=0    rescued=0    ignored=0   
2021-03-11 00:39:19,341 p=317 u=root n=ansible | orthofit                   : ok=1    changed=0    unreachable=0    failed=1    skipped=0    rescued=0    ignored=0   
2021-03-11 00:46:12,545 p=23 u=root n=ansible | PLAY [Deploy server] ***********************************************************
2021-03-11 00:46:12,575 p=23 u=root n=ansible | TASK [Gathering Facts] *********************************************************
2021-03-11 00:46:15,844 p=23 u=root n=ansible | ok: [metricsandbackups]
2021-03-11 00:46:15,900 p=23 u=root n=ansible | ok: [orthofit]
2021-03-11 00:46:15,989 p=23 u=root n=ansible | ok: [jayjah]
2021-03-11 00:46:16,010 p=23 u=root n=ansible | TASK [deploy_server : Copy server archive to remote host and decompress it afterwards] ***
2021-03-11 00:46:18,528 p=23 u=root n=ansible | fatal: [metricsandbackups]: FAILED! => {"changed": false, "msg": "Source '/server.tar.gz' does not exist"}
2021-03-11 00:46:18,539 p=23 u=root n=ansible | fatal: [jayjah]: FAILED! => {"changed": false, "msg": "Source '/server.tar.gz' does not exist"}
2021-03-11 00:46:18,548 p=23 u=root n=ansible | fatal: [orthofit]: FAILED! => {"changed": false, "msg": "Source '/server.tar.gz' does not exist"}
2021-03-11 00:46:18,550 p=23 u=root n=ansible | PLAY RECAP *********************************************************************
2021-03-11 00:46:18,551 p=23 u=root n=ansible | jayjah                     : ok=1    changed=0    unreachable=0    failed=1    skipped=0    rescued=0    ignored=0   
2021-03-11 00:46:18,552 p=23 u=root n=ansible | metricsandbackups          : ok=1    changed=0    unreachable=0    failed=1    skipped=0    rescued=0    ignored=0   
2021-03-11 00:46:18,553 p=23 u=root n=ansible | orthofit                   : ok=1    changed=0    unreachable=0    failed=1    skipped=0    rescued=0    ignored=0   
2021-03-11 00:47:12,918 p=113 u=root n=ansible | PLAY [Deploy server] ***********************************************************
2021-03-11 00:47:12,944 p=113 u=root n=ansible | TASK [Gathering Facts] *********************************************************
2021-03-11 00:47:15,561 p=113 u=root n=ansible | ok: [orthofit]
2021-03-11 00:47:15,602 p=113 u=root n=ansible | ok: [metricsandbackups]
2021-03-11 00:47:15,888 p=113 u=root n=ansible | ok: [jayjah]
2021-03-11 00:47:15,908 p=113 u=root n=ansible | TASK [deploy_server : Copy server archive to remote host and decompress it afterwards] ***
2021-03-11 00:47:18,473 p=113 u=root n=ansible | fatal: [jayjah]: FAILED! => {"changed": false, "msg": "Source 'server.tar.gz' does not exist"}
2021-03-11 00:47:18,510 p=113 u=root n=ansible | fatal: [metricsandbackups]: FAILED! => {"changed": false, "msg": "Source 'server.tar.gz' does not exist"}
2021-03-11 00:47:18,628 p=113 u=root n=ansible | fatal: [orthofit]: FAILED! => {"changed": false, "msg": "Source 'server.tar.gz' does not exist"}
2021-03-11 00:47:18,631 p=113 u=root n=ansible | PLAY RECAP *********************************************************************
2021-03-11 00:47:18,632 p=113 u=root n=ansible | jayjah                     : ok=1    changed=0    unreachable=0    failed=1    skipped=0    rescued=0    ignored=0   
2021-03-11 00:47:18,633 p=113 u=root n=ansible | metricsandbackups          : ok=1    changed=0    unreachable=0    failed=1    skipped=0    rescued=0    ignored=0   
2021-03-11 00:47:18,634 p=113 u=root n=ansible | orthofit                   : ok=1    changed=0    unreachable=0    failed=1    skipped=0    rescued=0    ignored=0   
2021-03-11 01:06:31,333 p=14 u=root n=ansible | PLAY [Deploy server] ************************************************************************************************
2021-03-11 01:06:31,396 p=14 u=root n=ansible | TASK [Gathering Facts] **********************************************************************************************
2021-03-11 01:06:36,137 p=14 u=root n=ansible |  [ERROR]: User interrupted execution

2021-03-11 01:10:54,202 p=38 u=root n=ansible | PLAY [Deploy server] ************************************************************************************************
2021-03-11 01:10:54,237 p=38 u=root n=ansible | TASK [Gathering Facts] **********************************************************************************************
2021-03-11 01:10:57,539 p=38 u=root n=ansible | ok: [metricsandbackups]
2021-03-11 01:10:57,596 p=38 u=root n=ansible | ok: [orthofit]
2021-03-11 01:10:57,789 p=38 u=root n=ansible | ok: [jayjah]
2021-03-11 01:10:57,811 p=38 u=root n=ansible | TASK [deploy_server : Copy server archive to remote host and decompress it afterwards] ******************************
2021-03-11 01:11:00,360 p=38 u=root n=ansible | fatal: [metricsandbackups]: FAILED! => {"changed": false, "msg": "Source '/root/server.tar.gz' does not exist"}
2021-03-11 01:11:00,364 p=38 u=root n=ansible | fatal: [jayjah]: FAILED! => {"changed": false, "msg": "Source '/root/server.tar.gz' does not exist"}
2021-03-11 01:11:00,428 p=38 u=root n=ansible | fatal: [orthofit]: FAILED! => {"changed": false, "msg": "Source '/root/server.tar.gz' does not exist"}
2021-03-11 01:11:00,431 p=38 u=root n=ansible | PLAY RECAP **********************************************************************************************************
2021-03-11 01:11:00,432 p=38 u=root n=ansible | jayjah                     : ok=1    changed=0    unreachable=0    failed=1    skipped=0    rescued=0    ignored=0   
2021-03-11 01:11:00,432 p=38 u=root n=ansible | metricsandbackups          : ok=1    changed=0    unreachable=0    failed=1    skipped=0    rescued=0    ignored=0   
2021-03-11 01:11:00,433 p=38 u=root n=ansible | orthofit                   : ok=1    changed=0    unreachable=0    failed=1    skipped=0    rescued=0    ignored=0   
